<?xml version="1.0" encoding="UTF-8"?>
<testsuite name="ArraysTasksSpec" tests="22" skipped="0" failures="0" errors="0" timestamp="2022-10-02T12:48:18" hostname="LAPTOP-P49HOH0P" time="0.364">
  <properties/>
  <testcase name="even: should return even numbers" classname="ArraysTasksSpec" time="0.213"/>
  <testcase name="even: should process one even numbers" classname="ArraysTasksSpec" time="0.0"/>
  <testcase name="even: should process empty array" classname="ArraysTasksSpec" time="0.0"/>
  <testcase name="even: should process negative numbers" classname="ArraysTasksSpec" time="0.0"/>
  <testcase name="allSimilar: should process empty array" classname="ArraysTasksSpec" time="0.017"/>
  <testcase name="allSimilar: should process array with one element" classname="ArraysTasksSpec" time="0.046"/>
  <testcase name="allSimilar: should process array with similar elements" classname="ArraysTasksSpec" time="0.001"/>
  <testcase name="allSimilar: should process array with not similar elements" classname="ArraysTasksSpec" time="0.001"/>
  <testcase name="hasSimilar: should process empty array" classname="ArraysTasksSpec" time="0.001"/>
  <testcase name="hasSimilar: should process array with one element" classname="ArraysTasksSpec" time="0.001"/>
  <testcase name="hasSimilar: should process array with some similar elements" classname="ArraysTasksSpec" time="0.001"/>
  <testcase name="hasSimilar: should process array with not similar elements" classname="ArraysTasksSpec" time="0.001"/>
  <testcase name="mean: should process empty array" classname="ArraysTasksSpec" time="0.064"/>
  <testcase name="mean: should process array with one element" classname="ArraysTasksSpec" time="0.001"/>
  <testcase name="mean: should process array with some elements" classname="ArraysTasksSpec" time="0.001"/>
  <testcase name="mean: should process array with negative elements" classname="ArraysTasksSpec" time="0.0"/>
  <testcase name="shift: should process empty array" classname="ArraysTasksSpec" time="0.002"/>
  <testcase name="shift: should process array with one element" classname="ArraysTasksSpec" time="0.001"/>
  <testcase name="shift: should process array" classname="ArraysTasksSpec" time="0.001"/>
  <testcase name="copyShift: process empty array" classname="ArraysTasksSpec" time="0.002"/>
  <testcase name="copyShift: process array with one element" classname="ArraysTasksSpec" time="0.0"/>
  <testcase name="copyShift: process array" classname="ArraysTasksSpec" time="0.0"/>
  <system-out><![CDATA[]]></system-out>
  <system-err><![CDATA[]]></system-err>
</testsuite>
