<?xml version="1.0" encoding="UTF-8"?>
<testsuite name="Task2CircleSpec" tests="1" skipped="0" failures="1" errors="0" timestamp="2022-10-24T15:40:06" hostname="LAPTOP-P49HOH0P" time="0.559">
  <properties/>
  <testcase name="2: circle; check info" classname="Task2CircleSpec" time="0.559">
    <failure message="Condition not satisfied:&#10;&#10;circle.info() == &quot;круг с радиусом 2.0&quot;&#10;|      |      |&#10;|      |      false&#10;|      |      27 differences (15% similarity)&#10;|      |      (ÐºÑ€ÑƒÐ³) (Ñ�) (Ñ€Ð°Ð´Ð¸ÑƒÑ�Ð¾Ð¼) 2(,)0&#10;|      |      (круг----) (с-) (радиусом--------) 2(.)0&#10;|      ÐºÑ€ÑƒÐ³ Ñ� Ñ€Ð°Ð´Ð¸ÑƒÑ�Ð¾Ð¼ 2,0&#10;&lt;Circle@36976657 a=2.0&gt;&#10;" type="org.spockframework.runtime.SpockComparisonFailure">Condition not satisfied:

circle.info() == &quot;круг с радиусом 2.0&quot;
|      |      |
|      |      false
|      |      27 differences (15% similarity)
|      |      (ÐºÑ€ÑƒÐ³) (Ñ�) (Ñ€Ð°Ð´Ð¸ÑƒÑ�Ð¾Ð¼) 2(,)0
|      |      (круг----) (с-) (радиусом--------) 2(.)0
|      ÐºÑ€ÑƒÐ³ Ñ� Ñ€Ð°Ð´Ð¸ÑƒÑ�Ð¾Ð¼ 2,0
&lt;Circle@36976657 a=2.0&gt;

	at Task2CircleSpec.2: circle; check info(Task2CircleSpec.groovy:54)
</failure>
  </testcase>
  <system-out><![CDATA[]]></system-out>
  <system-err><![CDATA[]]></system-err>
</testsuite>
