<?xml version="1.0" encoding="UTF-8"?>
<testsuite name="MatrixSpec" tests="11" skipped="0" failures="0" errors="0" timestamp="2022-10-04T19:52:30" hostname="LAPTOP-P49HOH0P" time="0.245">
  <properties/>
  <testcase name="1: should create matrix by constructor" classname="MatrixSpec" time="0.229"/>
  <testcase name="2: when we change array from which we create matrix, matrix should stay the same" classname="MatrixSpec" time="0.006"/>
  <testcase name="3: calc det" classname="MatrixSpec" time="0.001"/>
  <testcase name="3: calc trace" classname="MatrixSpec" time="0.001"/>
  <testcase name="4: matrix should not change when we change got array" classname="MatrixSpec" time="0.001"/>
  <testcase name="7: should add 2 matrix" classname="MatrixSpec" time="0.001"/>
  <testcase name="8: should mul 2 matrix" classname="MatrixSpec" time="0.001"/>
  <testcase name="8: should mul 2 matrix again" classname="MatrixSpec" time="0.001"/>
  <testcase name="9: pow 1 matrix" classname="MatrixSpec" time="0.001"/>
  <testcase name="9: pow 2 matrix" classname="MatrixSpec" time="0.0"/>
  <testcase name="9: pow 15 matrix" classname="MatrixSpec" time="0.0"/>
  <system-out><![CDATA[]]></system-out>
  <system-err><![CDATA[]]></system-err>
</testsuite>
